{
  "RSpec": {
    "coverage": {
      "C:/Users/Jialang Zheng/Downloads/noizzy-saas-w4152-main/app/models/sound.rb": {
        "lines": [
          1,
          4,
          null,
          1,
          1,
          null
        ]
      },
      "C:/Users/Jialang Zheng/Downloads/noizzy-saas-w4152-main/app/models/application_record.rb": {
        "lines": [
          1,
          1,
          null
        ]
      },
      "C:/Users/Jialang Zheng/Downloads/noizzy-saas-w4152-main/app/controllers/sounds_controller.rb": {
        "lines": [
          1,
          1,
          12,
          16,
          12,
          8,
          8,
          12,
          null,
          3,
          null,
          null,
          null,
          null,
          null,
          1,
          null,
          1,
          null,
          7,
          null,
          null,
          null,
          null,
          null,
          null,
          1,
          7,
          null,
          null,
          1,
          null,
          null,
          8,
          6,
          2,
          1,
          1,
          1,
          null,
          0,
          null,
          8,
          null,
          null,
          1,
          7,
          6,
          1,
          1,
          null,
          0,
          null,
          null,
          null,
          1,
          null,
          7,
          7,
          null,
          2,
          2,
          null,
          null,
          1,
          1,
          null,
          0,
          null,
          null,
          1,
          1,
          2,
          null,
          null
        ]
      },
      "C:/Users/Jialang Zheng/Downloads/noizzy-saas-w4152-main/app/controllers/application_controller.rb": {
        "lines": [
          1,
          null
        ]
      },
      "C:/Users/Jialang Zheng/Downloads/noizzy-saas-w4152-main/app/controllers/focus_controller.rb": {
        "lines": [
          1,
          1,
          12,
          12,
          null
        ]
      },
      "C:/Users/Jialang Zheng/Downloads/noizzy-saas-w4152-main/app/controllers/home_controller.rb": {
        "lines": [
          1,
          1,
          2,
          2,
          null,
          2,
          2,
          2,
          null,
          2,
          null,
          null,
          null
        ]
      }
    },
    "timestamp": 1761771507
  },
  "Cucumber Features": {
    "coverage": {
      "C:/Users/Jialang Zheng/Downloads/noizzy-saas-w4152-main/app/models/sound.rb": {
        "lines": [
          1,
          1,
          null,
          1,
          1,
          null
        ]
      },
      "C:/Users/Jialang Zheng/Downloads/noizzy-saas-w4152-main/app/models/application_record.rb": {
        "lines": [
          1,
          1,
          null
        ]
      },
      "C:/Users/Jialang Zheng/Downloads/noizzy-saas-w4152-main/app/controllers/focus_controller.rb": {
        "lines": [
          1,
          1,
          14,
          14,
          null
        ]
      },
      "C:/Users/Jialang Zheng/Downloads/noizzy-saas-w4152-main/app/controllers/application_controller.rb": {
        "lines": [
          1,
          null
        ]
      },
      "C:/Users/Jialang Zheng/Downloads/noizzy-saas-w4152-main/app/controllers/home_controller.rb": {
        "lines": [
          0,
          0,
          0,
          0,
          null,
          0,
          0,
          0,
          null,
          0,
          0,
          0,
          0
        ],
        "branches": {}
      },
      "C:/Users/Jialang Zheng/Downloads/noizzy-saas-w4152-main/app/controllers/sounds_controller.rb": {
        "lines": [
          0,
          0,
          0,
          0,
          0,
          0,
          0,
          0,
          0,
          0,
          0,
          0,
          0,
          0,
          null,
          0,
          null,
          0,
          0,
          0,
          0,
          0,
          0,
          0,
          0,
          null,
          0,
          0,
          0,
          null,
          0,
          null,
          0,
          0,
          0,
          0,
          0,
          0,
          0,
          0,
          0,
          0,
          0,
          0,
          null,
          0,
          0,
          0,
          0,
          0,
          0,
          0,
          0,
          0,
          null,
          0,
          null,
          0,
          0,
          null,
          0,
          0,
          null,
          null,
          0,
          0,
          null,
          0,
          0,
          null,
          0,
          0,
          0,
          0,
          0
        ],
        "branches": {}
      }
    },
    "timestamp": 1761770295
  }
}
